<?xml version="1.0" encoding="UTF-8"?>
<!-- Generated by org.testng.reporters.JUnitReportReporter -->
<testsuite hostname="DESKTOP-EMVG20H" failures="0" tests="1" name="test.Wonderla_test" time="4.442" errors="0" timestamp="2024-11-08T10:59:26 IST" skipped="0">
  <testcase classname="test.Wonderla_test" name="testt" time="4.442"/>
</testsuite> <!-- test.Wonderla_test -->
